*** Starting uWSGI 2.0.18 (64bit) on [Thu Feb 28 23:53:42 2019] ***
compiled with version: 7.3.0 on 18 February 2019 08:02:24
os: Linux-4.15.0-20-generic #21-Ubuntu SMP Tue Apr 24 06:16:15 UTC 2018
nodename: mint
machine: x86_64
clock source: unix
detected number of CPU cores: 4
current working directory: /home/ruoyi/ruoyi_project/django_mall
detected binary path: /home/ruoyi/ruoyi_env/django_env/bin/uwsgi
!!! no internal routing support, rebuild with pcre support !!!
*** WARNING: you are running uWSGI without its master process manager ***
your processes number limit is 11162
your memory page size is 4096 bytes
detected max file descriptor number: 4096
lock engine: pthread robust mutexes
thunder lock: disabled (you can enable it with --thunder-lock)
uWSGI http bound on 192.168.1.103:8080 fd 4
spawned uWSGI http 1 (pid: 9213)
uwsgi socket 0 bound to TCP address 127.0.0.1:37025 (port auto-assigned) fd 3
Python version: 3.6.7 (default, Oct 22 2018, 11:32:17)  [GCC 8.2.0]
*** Python threads support is disabled. You can enable it with --enable-threads ***
Python main interpreter initialized at 0x561f242d7ff0
your server socket listen backlog is limited to 100 connections
your mercy for graceful operations on workers is 60 seconds
mapped 72904 bytes (71 KB) for 1 cores
*** Operational MODE: single process ***
WSGI app 0 (mountpoint='') ready in 1 seconds on interpreter 0x561f242d7ff0 pid: 9212 (default app)
*** uWSGI is running in multiple interpreter mode ***
spawned uWSGI worker 1 (and the only) (pid: 9212, cores: 1)
