mysqld, Version: 5.7.25-log (MySQL Community Server (GPL)). started with:
Tcp port: 0  Unix socket: /var/run/mysqld/mysqld.sock
Time                 Id Command    Argument
2019-03-02T13:27:26.478785Z	    2 Connect	root@172.20.0.3 on ruoyi_database using TCP/IP
2019-03-02T13:27:26.480804Z	    2 Query	SET NAMES utf8
2019-03-02T13:27:26.481688Z	    2 Query	set autocommit=0
2019-03-02T13:27:26.482553Z	    2 Query	set autocommit=1
2019-03-02T13:27:26.484589Z	    2 Query	SELECT @@SQL_AUTO_IS_NULL
2019-03-02T13:27:26.486644Z	    2 Query	SET SESSION TRANSACTION ISOLATION LEVEL READ COMMITTED
2019-03-02T13:27:26.488066Z	    2 Query	SHOW FULL TABLES
2019-03-02T13:27:26.505540Z	    2 Query	SELECT `django_migrations`.`app`, `django_migrations`.`name` FROM `django_migrations`
2019-03-02T13:27:26.733569Z	    2 Quit	
2019-03-02T13:27:28.209864Z	    3 Connect	root@172.20.0.3 on ruoyi_database using TCP/IP
2019-03-02T13:27:28.211071Z	    3 Query	SET NAMES utf8
2019-03-02T13:27:28.211973Z	    3 Query	set autocommit=0
2019-03-02T13:27:28.212772Z	    3 Query	set autocommit=1
2019-03-02T13:27:28.213817Z	    3 Query	SELECT @@SQL_AUTO_IS_NULL
2019-03-02T13:27:28.218315Z	    3 Query	SET SESSION TRANSACTION ISOLATION LEVEL READ COMMITTED
2019-03-02T13:27:28.219539Z	    3 Query	SELECT @@sql_mode
2019-03-02T13:27:28.365710Z	    3 Query	SHOW FULL TABLES
2019-03-02T13:27:28.374961Z	    3 Query	SELECT `django_migrations`.`app`, `django_migrations`.`name` FROM `django_migrations`
2019-03-02T13:27:28.378211Z	    3 Query	SHOW FULL TABLES
2019-03-02T13:27:28.382270Z	    3 Query	SELECT `django_migrations`.`app`, `django_migrations`.`name` FROM `django_migrations`
2019-03-02T13:27:28.570560Z	    3 Query	SHOW FULL TABLES
2019-03-02T13:27:28.574276Z	    3 Query	SHOW FULL TABLES
2019-03-02T13:27:28.578655Z	    3 Query	SELECT `django_migrations`.`app`, `django_migrations`.`name` FROM `django_migrations`
2019-03-02T13:27:28.584457Z	    3 Query	SELECT `django_content_type`.`id`, `django_content_type`.`app_label`, `django_content_type`.`model` FROM `django_content_type` WHERE (`django_content_type`.`app_label` = 'admin' AND `django_content_type`.`model` = 'logentry')
2019-03-02T13:27:28.593315Z	    3 Query	SELECT `auth_permission`.`content_type_id`, `auth_permission`.`codename` FROM `auth_permission` INNER JOIN `django_content_type` ON (`auth_permission`.`content_type_id` = `django_content_type`.`id`) WHERE `auth_permission`.`content_type_id` IN (1) ORDER BY `django_content_type`.`app_label` ASC, `django_content_type`.`model` ASC, `auth_permission`.`codename` ASC
2019-03-02T13:27:28.597710Z	    3 Query	SELECT `django_content_type`.`id`, `django_content_type`.`app_label`, `django_content_type`.`model` FROM `django_content_type` WHERE `django_content_type`.`app_label` = 'admin'
2019-03-02T13:27:28.601834Z	    3 Query	SELECT `django_content_type`.`id`, `django_content_type`.`app_label`, `django_content_type`.`model` FROM `django_content_type` WHERE (`django_content_type`.`app_label` = 'auth' AND `django_content_type`.`model` = 'permission')
2019-03-02T13:27:28.605846Z	    3 Query	SELECT `django_content_type`.`id`, `django_content_type`.`app_label`, `django_content_type`.`model` FROM `django_content_type` WHERE (`django_content_type`.`app_label` = 'auth' AND `django_content_type`.`model` = 'group')
2019-03-02T13:27:28.610866Z	    3 Query	SELECT `django_content_type`.`id`, `django_content_type`.`app_label`, `django_content_type`.`model` FROM `django_content_type` WHERE (`django_content_type`.`app_label` = 'auth' AND `django_content_type`.`model` = 'user')
2019-03-02T13:27:28.616545Z	    3 Query	SELECT `auth_permission`.`content_type_id`, `auth_permission`.`codename` FROM `auth_permission` INNER JOIN `django_content_type` ON (`auth_permission`.`content_type_id` = `django_content_type`.`id`) WHERE `auth_permission`.`content_type_id` IN (2, 3, 4) ORDER BY `django_content_type`.`app_label` ASC, `django_content_type`.`model` ASC, `auth_permission`.`codename` ASC
2019-03-02T13:27:28.620648Z	    3 Query	SELECT `django_content_type`.`id`, `django_content_type`.`app_label`, `django_content_type`.`model` FROM `django_content_type` WHERE `django_content_type`.`app_label` = 'auth'
2019-03-02T13:27:28.625023Z	    3 Query	SELECT `django_content_type`.`id`, `django_content_type`.`app_label`, `django_content_type`.`model` FROM `django_content_type` WHERE (`django_content_type`.`app_label` = 'contenttypes' AND `django_content_type`.`model` = 'contenttype')
2019-03-02T13:27:28.631583Z	    3 Query	SELECT `auth_permission`.`content_type_id`, `auth_permission`.`codename` FROM `auth_permission` INNER JOIN `django_content_type` ON (`auth_permission`.`content_type_id` = `django_content_type`.`id`) WHERE `auth_permission`.`content_type_id` IN (5) ORDER BY `django_content_type`.`app_label` ASC, `django_content_type`.`model` ASC, `auth_permission`.`codename` ASC
2019-03-02T13:27:28.635250Z	    3 Query	SELECT `django_content_type`.`id`, `django_content_type`.`app_label`, `django_content_type`.`model` FROM `django_content_type` WHERE `django_content_type`.`app_label` = 'contenttypes'
2019-03-02T13:27:28.639786Z	    3 Query	SELECT `django_content_type`.`id`, `django_content_type`.`app_label`, `django_content_type`.`model` FROM `django_content_type` WHERE (`django_content_type`.`app_label` = 'sessions' AND `django_content_type`.`model` = 'session')
2019-03-02T13:27:28.645266Z	    3 Query	SELECT `auth_permission`.`content_type_id`, `auth_permission`.`codename` FROM `auth_permission` INNER JOIN `django_content_type` ON (`auth_permission`.`content_type_id` = `django_content_type`.`id`) WHERE `auth_permission`.`content_type_id` IN (6) ORDER BY `django_content_type`.`app_label` ASC, `django_content_type`.`model` ASC, `auth_permission`.`codename` ASC
2019-03-02T13:27:28.648892Z	    3 Query	SELECT `django_content_type`.`id`, `django_content_type`.`app_label`, `django_content_type`.`model` FROM `django_content_type` WHERE `django_content_type`.`app_label` = 'sessions'
2019-03-02T13:27:28.654010Z	    3 Query	SELECT `django_content_type`.`id`, `django_content_type`.`app_label`, `django_content_type`.`model` FROM `django_content_type` WHERE (`django_content_type`.`app_label` = 'ruoyi_mall' AND `django_content_type`.`model` = 'dayly')
2019-03-02T13:27:28.658271Z	    3 Query	SELECT `django_content_type`.`id`, `django_content_type`.`app_label`, `django_content_type`.`model` FROM `django_content_type` WHERE (`django_content_type`.`app_label` = 'ruoyi_mall' AND `django_content_type`.`model` = 'drink')
2019-03-02T13:27:28.662591Z	    3 Query	SELECT `django_content_type`.`id`, `django_content_type`.`app_label`, `django_content_type`.`model` FROM `django_content_type` WHERE (`django_content_type`.`app_label` = 'ruoyi_mall' AND `django_content_type`.`model` = 'electron')
2019-03-02T13:27:28.666539Z	    3 Query	SELECT `django_content_type`.`id`, `django_content_type`.`app_label`, `django_content_type`.`model` FROM `django_content_type` WHERE (`django_content_type`.`app_label` = 'ruoyi_mall' AND `django_content_type`.`model` = 'fruit')
2019-03-02T13:27:28.671922Z	    3 Query	SELECT `django_content_type`.`id`, `django_content_type`.`app_label`, `django_content_type`.`model` FROM `django_content_type` WHERE (`django_content_type`.`app_label` = 'ruoyi_mall' AND `django_content_type`.`model` = 'snack')
2019-03-02T13:27:28.678360Z	    3 Query	SELECT `auth_permission`.`content_type_id`, `auth_permission`.`codename` FROM `auth_permission` INNER JOIN `django_content_type` ON (`auth_permission`.`content_type_id` = `django_content_type`.`id`) WHERE `auth_permission`.`content_type_id` IN (7, 8, 9, 10, 11) ORDER BY `django_content_type`.`app_label` ASC, `django_content_type`.`model` ASC, `auth_permission`.`codename` ASC
2019-03-02T13:27:28.682274Z	    3 Query	SELECT `django_content_type`.`id`, `django_content_type`.`app_label`, `django_content_type`.`model` FROM `django_content_type` WHERE `django_content_type`.`app_label` = 'ruoyi_mall'
2019-03-02T13:27:28.684925Z	    3 Quit	
