mysqld, Version: 5.7.25-log (MySQL Community Server (GPL)). started with:
Tcp port: 0  Unix socket: /var/run/mysqld/mysqld.sock
Time                 Id Command    Argument
2019-03-03T11:53:46.527100Z	    2 Connect	root@172.19.0.3 on ruoyi_database using TCP/IP
2019-03-03T11:53:46.540529Z	    2 Query	SET NAMES utf8
2019-03-03T11:53:46.541729Z	    2 Query	set autocommit=0
2019-03-03T11:53:46.543300Z	    2 Query	set autocommit=1
2019-03-03T11:53:46.546218Z	    2 Query	SELECT @@SQL_AUTO_IS_NULL
2019-03-03T11:53:46.550349Z	    2 Query	SET SESSION TRANSACTION ISOLATION LEVEL READ COMMITTED
2019-03-03T11:53:46.551702Z	    2 Query	SHOW FULL TABLES
2019-03-03T11:53:46.570894Z	    2 Query	SELECT `django_migrations`.`app`, `django_migrations`.`name` FROM `django_migrations`
2019-03-03T11:53:46.735511Z	    2 Quit	
2019-03-03T11:53:48.184273Z	    3 Connect	root@172.19.0.3 on ruoyi_database using TCP/IP
2019-03-03T11:53:48.185768Z	    3 Query	SET NAMES utf8
2019-03-03T11:53:48.186771Z	    3 Query	set autocommit=0
2019-03-03T11:53:48.187714Z	    3 Query	set autocommit=1
2019-03-03T11:53:48.188989Z	    3 Query	SELECT @@SQL_AUTO_IS_NULL
2019-03-03T11:53:48.194298Z	    3 Query	SET SESSION TRANSACTION ISOLATION LEVEL READ COMMITTED
2019-03-03T11:53:48.195749Z	    3 Query	SELECT @@sql_mode
2019-03-03T11:53:48.359415Z	    3 Query	SHOW FULL TABLES
2019-03-03T11:53:48.368417Z	    3 Query	SELECT `django_migrations`.`app`, `django_migrations`.`name` FROM `django_migrations`
2019-03-03T11:53:48.372022Z	    3 Query	SHOW FULL TABLES
2019-03-03T11:53:48.376588Z	    3 Query	SELECT `django_migrations`.`app`, `django_migrations`.`name` FROM `django_migrations`
2019-03-03T11:53:48.576766Z	    3 Query	SHOW FULL TABLES
2019-03-03T11:53:48.580585Z	    3 Query	SHOW FULL TABLES
2019-03-03T11:53:48.584671Z	    3 Query	SELECT `django_migrations`.`app`, `django_migrations`.`name` FROM `django_migrations`
2019-03-03T11:53:48.591027Z	    3 Query	SELECT `django_content_type`.`id`, `django_content_type`.`app_label`, `django_content_type`.`model` FROM `django_content_type` WHERE (`django_content_type`.`app_label` = 'admin' AND `django_content_type`.`model` = 'logentry')
2019-03-03T11:53:48.609234Z	    3 Query	SELECT `auth_permission`.`content_type_id`, `auth_permission`.`codename` FROM `auth_permission` INNER JOIN `django_content_type` ON (`auth_permission`.`content_type_id` = `django_content_type`.`id`) WHERE `auth_permission`.`content_type_id` IN (1) ORDER BY `django_content_type`.`app_label` ASC, `django_content_type`.`model` ASC, `auth_permission`.`codename` ASC
2019-03-03T11:53:48.620900Z	    3 Query	SELECT `django_content_type`.`id`, `django_content_type`.`app_label`, `django_content_type`.`model` FROM `django_content_type` WHERE `django_content_type`.`app_label` = 'admin'
2019-03-03T11:53:48.626688Z	    3 Query	SELECT `django_content_type`.`id`, `django_content_type`.`app_label`, `django_content_type`.`model` FROM `django_content_type` WHERE (`django_content_type`.`app_label` = 'auth' AND `django_content_type`.`model` = 'permission')
2019-03-03T11:53:48.631120Z	    3 Query	SELECT `django_content_type`.`id`, `django_content_type`.`app_label`, `django_content_type`.`model` FROM `django_content_type` WHERE (`django_content_type`.`app_label` = 'auth' AND `django_content_type`.`model` = 'group')
2019-03-03T11:53:48.635758Z	    3 Query	SELECT `django_content_type`.`id`, `django_content_type`.`app_label`, `django_content_type`.`model` FROM `django_content_type` WHERE (`django_content_type`.`app_label` = 'auth' AND `django_content_type`.`model` = 'user')
2019-03-03T11:53:48.641444Z	    3 Query	SELECT `auth_permission`.`content_type_id`, `auth_permission`.`codename` FROM `auth_permission` INNER JOIN `django_content_type` ON (`auth_permission`.`content_type_id` = `django_content_type`.`id`) WHERE `auth_permission`.`content_type_id` IN (2, 3, 4) ORDER BY `django_content_type`.`app_label` ASC, `django_content_type`.`model` ASC, `auth_permission`.`codename` ASC
2019-03-03T11:53:48.645788Z	    3 Query	SELECT `django_content_type`.`id`, `django_content_type`.`app_label`, `django_content_type`.`model` FROM `django_content_type` WHERE `django_content_type`.`app_label` = 'auth'
2019-03-03T11:53:48.652144Z	    3 Query	SELECT `django_content_type`.`id`, `django_content_type`.`app_label`, `django_content_type`.`model` FROM `django_content_type` WHERE (`django_content_type`.`app_label` = 'contenttypes' AND `django_content_type`.`model` = 'contenttype')
2019-03-03T11:53:48.658303Z	    3 Query	SELECT `auth_permission`.`content_type_id`, `auth_permission`.`codename` FROM `auth_permission` INNER JOIN `django_content_type` ON (`auth_permission`.`content_type_id` = `django_content_type`.`id`) WHERE `auth_permission`.`content_type_id` IN (5) ORDER BY `django_content_type`.`app_label` ASC, `django_content_type`.`model` ASC, `auth_permission`.`codename` ASC
2019-03-03T11:53:48.662350Z	    3 Query	SELECT `django_content_type`.`id`, `django_content_type`.`app_label`, `django_content_type`.`model` FROM `django_content_type` WHERE `django_content_type`.`app_label` = 'contenttypes'
2019-03-03T11:53:48.667224Z	    3 Query	SELECT `django_content_type`.`id`, `django_content_type`.`app_label`, `django_content_type`.`model` FROM `django_content_type` WHERE (`django_content_type`.`app_label` = 'sessions' AND `django_content_type`.`model` = 'session')
2019-03-03T11:53:48.676505Z	    3 Query	SELECT `auth_permission`.`content_type_id`, `auth_permission`.`codename` FROM `auth_permission` INNER JOIN `django_content_type` ON (`auth_permission`.`content_type_id` = `django_content_type`.`id`) WHERE `auth_permission`.`content_type_id` IN (6) ORDER BY `django_content_type`.`app_label` ASC, `django_content_type`.`model` ASC, `auth_permission`.`codename` ASC
2019-03-03T11:53:48.680728Z	    3 Query	SELECT `django_content_type`.`id`, `django_content_type`.`app_label`, `django_content_type`.`model` FROM `django_content_type` WHERE `django_content_type`.`app_label` = 'sessions'
2019-03-03T11:53:48.686007Z	    3 Query	SELECT `django_content_type`.`id`, `django_content_type`.`app_label`, `django_content_type`.`model` FROM `django_content_type` WHERE (`django_content_type`.`app_label` = 'ruoyi_mall' AND `django_content_type`.`model` = 'dayly')
2019-03-03T11:53:48.689973Z	    3 Query	SELECT `django_content_type`.`id`, `django_content_type`.`app_label`, `django_content_type`.`model` FROM `django_content_type` WHERE (`django_content_type`.`app_label` = 'ruoyi_mall' AND `django_content_type`.`model` = 'drink')
2019-03-03T11:53:48.693819Z	    3 Query	SELECT `django_content_type`.`id`, `django_content_type`.`app_label`, `django_content_type`.`model` FROM `django_content_type` WHERE (`django_content_type`.`app_label` = 'ruoyi_mall' AND `django_content_type`.`model` = 'electron')
2019-03-03T11:53:48.698606Z	    3 Query	SELECT `django_content_type`.`id`, `django_content_type`.`app_label`, `django_content_type`.`model` FROM `django_content_type` WHERE (`django_content_type`.`app_label` = 'ruoyi_mall' AND `django_content_type`.`model` = 'fruit')
2019-03-03T11:53:48.702732Z	    3 Query	SELECT `django_content_type`.`id`, `django_content_type`.`app_label`, `django_content_type`.`model` FROM `django_content_type` WHERE (`django_content_type`.`app_label` = 'ruoyi_mall' AND `django_content_type`.`model` = 'snack')
2019-03-03T11:53:48.710226Z	    3 Query	SELECT `auth_permission`.`content_type_id`, `auth_permission`.`codename` FROM `auth_permission` INNER JOIN `django_content_type` ON (`auth_permission`.`content_type_id` = `django_content_type`.`id`) WHERE `auth_permission`.`content_type_id` IN (7, 8, 9, 10, 11) ORDER BY `django_content_type`.`app_label` ASC, `django_content_type`.`model` ASC, `auth_permission`.`codename` ASC
2019-03-03T11:53:48.714692Z	    3 Query	SELECT `django_content_type`.`id`, `django_content_type`.`app_label`, `django_content_type`.`model` FROM `django_content_type` WHERE `django_content_type`.`app_label` = 'ruoyi_mall'
2019-03-03T11:53:48.717410Z	    3 Quit	
